2017/03/06 17:00:37 にビルドを開始しました。
     1>ノード 2 上のプロジェクト "C:\Users\KawaguchiLab\Downloads\bullet3-2.86.1\mySamples\proj201\proje301\proje301.vcxproj" (Build ターゲット)。
     1>ClCompile:
         C:\Program Files (x86)\Microsoft Visual Studio 12.0\VC\bin\CL.exe /c /I"C:\Users\KawaguchiLab\Downloads\bullet3-2.86.1\src" /ZI /nologo /W3 /WX- /sdl /Od /Oy- /D WIN32 /D _DEBUG /D _CONSOLE /D _LIB /D _UNICODE /D UNICODE /Gm /EHsc /RTC1 /MDd /GS /fp:precise /Zc:wchar_t /Zc:forScope /Fo"Debug\\" /Fd"Debug\vc120.pdb" /Gd /TP /analyze- /errorReport:prompt Source.cpp
         Source.cpp
     1>c:\users\kawaguchilab\downloads\bullet3-2.86.1\src\linearmath\btidebugdraw.h(169): warning C4305: '引数' : 'double' から 'const btScalar' へ切り詰めます。
     1>c:\users\kawaguchilab\downloads\bullet3-2.86.1\src\linearmath\btidebugdraw.h(170): warning C4305: '引数' : 'double' から 'const btScalar' へ切り詰めます。
     1>c:\users\kawaguchilab\downloads\bullet3-2.86.1\src\linearmath\btidebugdraw.h(171): warning C4305: '引数' : 'double' から 'const btScalar' へ切り詰めます。
       Link:
         C:\Program Files (x86)\Microsoft Visual Studio 12.0\VC\bin\link.exe /ERRORREPORT:PROMPT /OUT:"C:\Users\KawaguchiLab\Downloads\bullet3-2.86.1\mySamples\proj201\Debug\proje301.exe" /INCREMENTAL /NOLOGO /LIBPATH:"C:\Users\KawaguchiLab\Downloads\bullet3-2.86.1\build_bullet\lib\Debug" BulletCollision_Debug.lib BulletDynamics_Debug.lib LinearMath_Debug.lib kernel32.lib user32.lib gdi32.lib winspool.lib comdlg32.lib advapi32.lib shell32.lib ole32.lib oleaut32.lib uuid.lib odbc32.lib odbccp32.lib /MANIFEST /MANIFESTUAC:"level='asInvoker' uiAccess='false'" /manifest:embed /DEBUG /PDB:"C:\Users\KawaguchiLab\Downloads\bullet3-2.86.1\mySamples\proj201\Debug\proje301.pdb" /SUBSYSTEM:CONSOLE /TLBID:1 /DYNAMICBASE /NXCOMPAT /IMPLIB:"C:\Users\KawaguchiLab\Downloads\bullet3-2.86.1\mySamples\proj201\Debug\proje301.lib" /MACHINE:X86 Debug\Source.obj
     1>Source.obj : error LNK2019: 未解決の外部シンボル "void * __cdecl btAlignedAllocInternal(unsigned int,int)" (?btAlignedAllocInternal@@YAPAXIH@Z) が関数 "public: static void * __cdecl btBoxShape::operator new(unsigned int)" (??2btBoxShape@@SAPAXI@Z) で参照されました。
     1>Source.obj : error LNK2019: 未解決の外部シンボル "void __cdecl btAlignedFreeInternal(void *)" (?btAlignedFreeInternal@@YAXPAX@Z) が関数 "public: static void __cdecl btBoxShape::operator delete(void *)" (??3btBoxShape@@SAXPAX@Z) で参照されました。
     1>Source.obj : error LNK2019: 未解決の外部シンボル "public: __thiscall btCollisionDispatcher::btCollisionDispatcher(class btCollisionConfiguration *)" (??0btCollisionDispatcher@@QAE@PAVbtCollisionConfiguration@@@Z) が関数 "void __cdecl InitBullet(void)" (?InitBullet@@YAXXZ) で参照されました。
     1>Source.obj : error LNK2001: 外部シンボル ""public: virtual void __thiscall btCollisionShape::getBoundingSphere(class btVector3 &,float &)const " (?getBoundingSphere@btCollisionShape@@UBEXAAVbtVector3@@AAM@Z)" は未解決です。
     1>Source.obj : error LNK2001: 外部シンボル ""public: virtual float __thiscall btCollisionShape::getAngularMotionDisc(void)const " (?getAngularMotionDisc@btCollisionShape@@UBEMXZ)" は未解決です。
     1>Source.obj : error LNK2001: 外部シンボル ""public: virtual float __thiscall btCollisionShape::getContactBreakingThreshold(float)const " (?getContactBreakingThreshold@btCollisionShape@@UBEMM@Z)" は未解決です。
     1>Source.obj : error LNK2019: 未解決の外部シンボル "public: virtual char const * __thiscall btCollisionShape::serialize(void *,class btSerializer *)const " (?serialize@btCollisionShape@@UBEPBDPAXPAVbtSerializer@@@Z) が関数 "public: virtual char const * __thiscall btConvexInternalShape::serialize(void *,class btSerializer *)const " (?serialize@btConvexInternalShape@@UBEPBDPAXPAVbtSerializer@@@Z) で参照されました。
     1>Source.obj : error LNK2001: 外部シンボル ""public: virtual void __thiscall btCollisionShape::serializeSingleShape(class btSerializer *)const " (?serializeSingleShape@btCollisionShape@@UBEXPAVbtSerializer@@@Z)" は未解決です。
     1>Source.obj : error LNK2019: 未解決の外部シンボル "public: virtual __thiscall btConvexShape::~btConvexShape(void)" (??1btConvexShape@@UAE@XZ) が関数 "public: virtual __thiscall btConvexInternalShape::~btConvexInternalShape(void)" (??1btConvexInternalShape@@UAE@XZ) で参照されました。
     1>Source.obj : error LNK2001: 外部シンボル ""public: virtual void __thiscall btConvexShape::project(class btTransform const &,class btVector3 const &,float &,float &,class btVector3 &,class btVector3 &)const " (?project@btConvexShape@@UBEXABVbtTransform@@ABVbtVector3@@AAM2AAV3@3@Z)" は未解決です。
     1>Source.obj : error LNK2019: 未解決の外部シンボル "protected: __thiscall btConvexInternalShape::btConvexInternalShape(void)" (??0btConvexInternalShape@@IAE@XZ) が関数 "public: __thiscall btSphereShape::btSphereShape(float)" (??0btSphereShape@@QAE@M@Z) で参照されました。
     1>Source.obj : error LNK2001: 外部シンボル ""public: virtual class btVector3 __thiscall btConvexInternalShape::localGetSupportingVertex(class btVector3 const &)const " (?localGetSupportingVertex@btConvexInternalShape@@UBE?AVbtVector3@@ABV2@@Z)" は未解決です。
     1>Source.obj : error LNK2001: 外部シンボル ""public: virtual void __thiscall btConvexInternalShape::getAabbSlow(class btTransform const &,class btVector3 &,class btVector3 &)const " (?getAabbSlow@btConvexInternalShape@@UBEXABVbtTransform@@AAVbtVector3@@1@Z)" は未解決です。
     1>Source.obj : error LNK2001: 外部シンボル ""public: virtual void __thiscall btConvexInternalShape::setLocalScaling(class btVector3 const &)" (?setLocalScaling@btConvexInternalShape@@UAEXABVbtVector3@@@Z)" は未解決です。
     1>Source.obj : error LNK2019: 未解決の外部シンボル "public: __thiscall btBoxShape::btBoxShape(class btVector3 const &)" (??0btBoxShape@@QAE@ABVbtVector3@@@Z) が関数 "void __cdecl CreateGround(void)" (?CreateGround@@YAXXZ) で参照されました。
     1>Source.obj : error LNK2001: 外部シンボル ""public: virtual class btVector3 __thiscall btSphereShape::localGetSupportingVertex(class btVector3 const &)const " (?localGetSupportingVertex@btSphereShape@@UBE?AVbtVector3@@ABV2@@Z)" は未解決です。
     1>Source.obj : error LNK2001: 外部シンボル ""public: virtual class btVector3 __thiscall btSphereShape::localGetSupportingVertexWithoutMargin(class btVector3 const &)const " (?localGetSupportingVertexWithoutMargin@btSphereShape@@UBE?AVbtVector3@@ABV2@@Z)" は未解決です。
     1>Source.obj : error LNK2001: 外部シンボル ""public: virtual void __thiscall btSphereShape::batchedUnitVectorGetSupportingVertexWithoutMargin(class btVector3 const *,class btVector3 *,int)const " (?batchedUnitVectorGetSupportingVertexWithoutMargin@btSphereShape@@UBEXPBVbtVector3@@PAV2@H@Z)" は未解決です。
     1>Source.obj : error LNK2001: 外部シンボル ""public: virtual void __thiscall btSphereShape::calculateLocalInertia(float,class btVector3 &)const " (?calculateLocalInertia@btSphereShape@@UBEXMAAVbtVector3@@@Z)" は未解決です。
     1>Source.obj : error LNK2001: 外部シンボル ""public: virtual void __thiscall btSphereShape::getAabb(class btTransform const &,class btVector3 &,class btVector3 &)const " (?getAabb@btSphereShape@@UBEXABVbtTransform@@AAVbtVector3@@1@Z)" は未解決です。
     1>Source.obj : error LNK2019: 未解決の外部シンボル "public: __thiscall btDefaultCollisionConfiguration::btDefaultCollisionConfiguration(struct btDefaultCollisionConstructionInfo const &)" (??0btDefaultCollisionConfiguration@@QAE@ABUbtDefaultCollisionConstructionInfo@@@Z) が関数 "void __cdecl InitBullet(void)" (?InitBullet@@YAXXZ) で参照されました。
     1>Source.obj : error LNK2019: 未解決の外部シンボル "public: __thiscall btDbvtBroadphase::btDbvtBroadphase(class btOverlappingPairCache *)" (??0btDbvtBroadphase@@QAE@PAVbtOverlappingPairCache@@@Z) が関数 "void __cdecl InitBullet(void)" (?InitBullet@@YAXXZ) で参照されました。
     1>Source.obj : error LNK2019: 未解決の外部シンボル "public: __thiscall btDiscreteDynamicsWorld::btDiscreteDynamicsWorld(class btDispatcher *,class btBroadphaseInterface *,class btConstraintSolver *,class btCollisionConfiguration *)" (??0btDiscreteDynamicsWorld@@QAE@PAVbtDispatcher@@PAVbtBroadphaseInterface@@PAVbtConstraintSolver@@PAVbtCollisionConfiguration@@@Z) が関数 "void __cdecl InitBullet(void)" (?InitBullet@@YAXXZ) で参照されました。
     1>Source.obj : error LNK2019: 未解決の外部シンボル "public: __thiscall btRigidBody::btRigidBody(struct btRigidBody::btRigidBodyConstructionInfo const &)" (??0btRigidBody@@QAE@ABUbtRigidBodyConstructionInfo@0@@Z) が関数 "void __cdecl CreateBall(void)" (?CreateBall@@YAXXZ) で参照されました。
     1>Source.obj : error LNK2019: 未解決の外部シンボル "public: __thiscall btSequentialImpulseConstraintSolver::btSequentialImpulseConstraintSolver(void)" (??0btSequentialImpulseConstraintSolver@@QAE@XZ) が関数 "void __cdecl InitBullet(void)" (?InitBullet@@YAXXZ) で参照されました。
     1>C:\Users\KawaguchiLab\Downloads\bullet3-2.86.1\mySamples\proj201\Debug\proje301.exe : fatal error LNK1120: 25 件の未解決の外部参照
     1>プロジェクト "C:\Users\KawaguchiLab\Downloads\bullet3-2.86.1\mySamples\proj201\proje301\proje301.vcxproj" (Build ターゲット) のビルドが終了しました -- 失敗。

ビルドに失敗しました。

経過時間 00:00:00.44
